proguard_logs/seeds.txt
android.support.v13.app.FragmentPagerAdapter
android.support.v13.app.FragmentStatePagerAdapter
android.support.v13.app.FragmentTabHost
android.support.v13.app.FragmentTabHost: FragmentTabHost(android.content.Context,android.util.AttributeSet)
android.support.v13.app.FragmentTabHost$SavedState
android.support.v13.app.FragmentTabHost$SavedState: android.os.Parcelable$Creator CREATOR
android.support.v4.accessibilityservice.AccessibilityServiceInfoCompat
android.support.v4.accessibilityservice.AccessibilityServiceInfoCompat: android.support.v4.accessibilityservice.AccessibilityServiceInfoCompat$AccessibilityServiceInfoVersionImpl IMPL
android.support.v4.accessibilityservice.AccessibilityServiceInfoCompat: int FEEDBACK_ALL_MASK
android.support.v4.accessibilityservice.AccessibilityServiceInfoCompat: AccessibilityServiceInfoCompat()
android.support.v4.accessibilityservice.AccessibilityServiceInfoCompat: java.lang.String getId(android.accessibilityservice.AccessibilityServiceInfo)
android.support.v4.accessibilityservice.AccessibilityServiceInfoCompat: android.content.pm.ResolveInfo getResolveInfo(android.accessibilityservice.AccessibilityServiceInfo)
android.support.v4.accessibilityservice.AccessibilityServiceInfoCompat: java.lang.String getSettingsActivityName(android.accessibilityservice.AccessibilityServiceInfo)
android.support.v4.accessibilityservice.AccessibilityServiceInfoCompat: boolean getCanRetrieveWindowContent(android.accessibilityservice.AccessibilityServiceInfo)
android.support.v4.accessibilityservice.AccessibilityServiceInfoCompat: java.lang.String getDescription(android.accessibilityservice.AccessibilityServiceInfo)
android.support.v4.accessibilityservice.AccessibilityServiceInfoCompat: java.lang.String feedbackTypeToString(int)
android.support.v4.accessibilityservice.AccessibilityServiceInfoCompat: java.lang.String flagToString(int)
android.support.v4.accessibilityservice.AccessibilityServiceInfoCompat$AccessibilityServiceInfoIcsImpl
android.support.v4.accessibilityservice.AccessibilityServiceInfoCompat$AccessibilityServiceInfoIcsImpl: AccessibilityServiceInfoCompat$AccessibilityServiceInfoIcsImpl()
android.support.v4.accessibilityservice.AccessibilityServiceInfoCompat$AccessibilityServiceInfoIcsImpl: boolean getCanRetrieveWindowContent(android.accessibilityservice.AccessibilityServiceInfo)
android.support.v4.accessibilityservice.AccessibilityServiceInfoCompat$AccessibilityServiceInfoIcsImpl: java.lang.String getDescription(android.accessibilityservice.AccessibilityServiceInfo)
android.support.v4.accessibilityservice.AccessibilityServiceInfoCompat$AccessibilityServiceInfoIcsImpl: java.lang.String getId(android.accessibilityservice.AccessibilityServiceInfo)
android.support.v4.accessibilityservice.AccessibilityServiceInfoCompat$AccessibilityServiceInfoIcsImpl: android.content.pm.ResolveInfo getResolveInfo(android.accessibilityservice.AccessibilityServiceInfo)
android.support.v4.accessibilityservice.AccessibilityServiceInfoCompat$AccessibilityServiceInfoIcsImpl: java.lang.String getSettingsActivityName(android.accessibilityservice.AccessibilityServiceInfo)