proguard_logs/mapping.txt
cn.sharesdk.framework.authorize.h -> cn.sharesdk.framework.authorize.h:
    cn.sharesdk.framework.authorize.g a -> a
    void onClick(android.view.View) -> onClick
cn.sharesdk.framework.authorize.i -> cn.sharesdk.framework.authorize.i:
    cn.sharesdk.framework.authorize.h a -> a
    void run() -> run
cn.sharesdk.framework.authorize.j -> cn.sharesdk.framework.authorize.j:
    cn.sharesdk.framework.authorize.g a -> a
    void run() -> run
cn.sharesdk.framework.b -> cn.sharesdk.framework.b:
    java.lang.Runnable a -> a
    cn.sharesdk.framework.FakeActivity b -> b
    boolean handleMessage(android.os.Message) -> handleMessage
cn.sharesdk.framework.c -> cn.sharesdk.framework.c:
    java.lang.Runnable a -> a
    cn.sharesdk.framework.FakeActivity b -> b
    boolean handleMessage(android.os.Message) -> handleMessage
cn.sharesdk.framework.d -> cn.sharesdk.framework.d:
    cn.sharesdk.framework.PlatformActionListener a -> a
    void a(cn.sharesdk.framework.PlatformActionListener) -> a
    cn.sharesdk.framework.PlatformActionListener a() -> a
    void onError(cn.sharesdk.framework.Platform,int,java.lang.Throwable) -> onError
    void onComplete(cn.sharesdk.framework.Platform,int,java.util.HashMap) -> onComplete
    void onCancel(cn.sharesdk.framework.Platform,int) -> onCancel
    void a(cn.sharesdk.framework.Platform,int,java.util.HashMap) -> a
    void b(cn.sharesdk.framework.Platform,int,java.util.HashMap) -> b
    void a(cn.sharesdk.framework.Platform,int,java.lang.Object) -> a
    java.lang.String a(cn.sharesdk.framework.Platform) -> a
    java.lang.String b(cn.sharesdk.framework.Platform) -> b
    java.lang.String a(cn.sharesdk.framework.PlatformDb,java.lang.String[]) -> a
    cn.sharesdk.framework.PlatformActionListener a(cn.sharesdk.framework.d,cn.sharesdk.framework.PlatformActionListener) -> a
    cn.sharesdk.framework.PlatformActionListener a(cn.sharesdk.framework.d) -> a
    java.lang.String a(cn.sharesdk.framework.d,cn.sharesdk.framework.Platform) -> a
cn.sharesdk.framework.e -> cn.sharesdk.framework.e:
    cn.sharesdk.framework.PlatformActionListener a -> a
    int b -> b
    java.util.HashMap c -> c
    cn.sharesdk.framework.d d -> d
    void onComplete(cn.sharesdk.framework.Platform,int,java.util.HashMap) -> onComplete
    void onError(cn.sharesdk.framework.Platform,int,java.lang.Throwable) -> onError
    void onCancel(cn.sharesdk.framework.Platform,int) -> onCancel
cn.sharesdk.framework.f -> cn.sharesdk.framework.f:
    cn.sharesdk.framework.PlatformActionListener a -> a
    int b -> b
    java.lang.Object c -> c
    cn.sharesdk.framework.d d -> d
    void onError(cn.sharesdk.framework.Platform,int,java.lang.Throwable) -> onError
    void onComplete(cn.sharesdk.framework.Platform,int,java.util.HashMap) -> onComplete
    void onCancel(cn.sharesdk.framework.Platform,int) -> onCancel