proguard_logs/usage.txt
com.nostra13.universalimageloader.core.ImageLoaderConfiguration$SlowNetworkImageDownloader
com.nostra13.universalimageloader.core.ImageLoaderEngine
com.nostra13.universalimageloader.core.ImageLoaderEngine$1
com.nostra13.universalimageloader.core.ImageLoadingInfo
com.nostra13.universalimageloader.core.LoadAndDisplayImageTask
com.nostra13.universalimageloader.core.LoadAndDisplayImageTask$1
com.nostra13.universalimageloader.core.LoadAndDisplayImageTask$2
com.nostra13.universalimageloader.core.LoadAndDisplayImageTask$3
com.nostra13.universalimageloader.core.LoadAndDisplayImageTask$TaskCancelledException
com.nostra13.universalimageloader.core.ProcessAndDisplayImageTask
com.nostra13.universalimageloader.core.assist.ContentLengthInputStream
com.nostra13.universalimageloader.core.assist.FailReason
com.nostra13.universalimageloader.core.assist.FailReason$FailType
com.nostra13.universalimageloader.core.assist.FlushedInputStream
com.nostra13.universalimageloader.core.assist.ImageScaleType
com.nostra13.universalimageloader.core.assist.ImageSize
com.nostra13.universalimageloader.core.assist.LoadedFrom
com.nostra13.universalimageloader.core.assist.QueueProcessingType
com.nostra13.universalimageloader.core.assist.ViewScaleType
com.nostra13.universalimageloader.core.assist.ViewScaleType$1
com.nostra13.universalimageloader.core.assist.deque.BlockingDeque
com.nostra13.universalimageloader.core.assist.deque.Deque
com.nostra13.universalimageloader.core.assist.deque.LIFOLinkedBlockingDeque
com.nostra13.universalimageloader.core.assist.deque.LinkedBlockingDeque
com.nostra13.universalimageloader.core.assist.deque.LinkedBlockingDeque$1
com.nostra13.universalimageloader.core.assist.deque.LinkedBlockingDeque$AbstractItr
com.nostra13.universalimageloader.core.assist.deque.LinkedBlockingDeque$DescendingItr
com.nostra13.universalimageloader.core.assist.deque.LinkedBlockingDeque$Itr
com.nostra13.universalimageloader.core.assist.deque.LinkedBlockingDeque$Node
com.nostra13.universalimageloader.core.decode.BaseImageDecoder
com.nostra13.universalimageloader.core.decode.BaseImageDecoder$ExifInfo
com.nostra13.universalimageloader.core.decode.BaseImageDecoder$ImageFileInfo
com.nostra13.universalimageloader.core.decode.ImageDecoder
com.nostra13.universalimageloader.core.decode.ImageDecodingInfo
com.nostra13.universalimageloader.core.display.BitmapDisplayer
com.nostra13.universalimageloader.core.display.FadeInBitmapDisplayer
com.nostra13.universalimageloader.core.display.RoundedBitmapDisplayer
com.nostra13.universalimageloader.core.display.RoundedBitmapDisplayer$RoundedDrawable
com.nostra13.universalimageloader.core.display.RoundedVignetteBitmapDisplayer
com.nostra13.universalimageloader.core.display.RoundedVignetteBitmapDisplayer$RoundedVignetteDrawable
com.nostra13.universalimageloader.core.display.SimpleBitmapDisplayer
com.nostra13.universalimageloader.core.download.BaseImageDownloader
com.nostra13.universalimageloader.core.download.BaseImageDownloader$1
com.nostra13.universalimageloader.core.download.ImageDownloader
com.nostra13.universalimageloader.core.download.ImageDownloader$Scheme
com.nostra13.universalimageloader.core.imageaware.ImageAware
com.nostra13.universalimageloader.core.imageaware.ImageViewAware
com.nostra13.universalimageloader.core.imageaware.NonViewAware
com.nostra13.universalimageloader.core.imageaware.ViewAware
com.nostra13.universalimageloader.core.listener.ImageLoadingListener
com.nostra13.universalimageloader.core.listener.ImageLoadingProgressListener
com.nostra13.universalimageloader.core.listener.PauseOnScrollListener
com.nostra13.universalimageloader.core.listener.SimpleImageLoadingListener
com.nostra13.universalimageloader.core.process.BitmapProcessor
com.nostra13.universalimageloader.utils.DiskCacheUtils
com.nostra13.universalimageloader.utils.ImageSizeUtils
com.nostra13.universalimageloader.utils.ImageSizeUtils$1
com.nostra13.universalimageloader.utils.IoUtils
com.nostra13.universalimageloader.utils.IoUtils$CopyListener